# JRE version: OpenJDK Runtime Environment (17.0.6) (build 17.0.6+0-b2043.56-10027231)
# Java VM: OpenJDK 64-Bit Server VM (17.0.6+0-b2043.56-10027231, mixed mode, tiered, compressed oops, compressed class ptrs, g1 gc, windows-amd64)
GC Precious Log:
 CPUs: 8 total, 8 available
 Memory: 16126M
 Large Page Support: Disabled
 NUMA Support: Disabled
 Compressed Oops: Enabled (32-bit)
 Heap Region Size: 1M
 Heap Min Capacity: 8M
 Heap Initial Capacity: 252M
 Heap Max Capacity: 2G
 Pre-touch: Disabled
 Parallel Workers: 8
 Concurrent Workers: 2
 Concurrent Refinement Workers: 8
 Periodic GC: Disabled
Heap:
 garbage-first heap   total 179200K, used 62863K [0x0000000080000000, 0x0000000100000000)
  region size 1024K, 35 young (35840K), 3 survivors (3072K)
 Metaspace       used 51982K, committed 52416K, reserved 1097728K
  class space    used 6983K, committed 7168K, reserved 1048576K
GC Heap History (20 events):
Event: 0.816 GC heap before
{Heap before GC invocations=1 (full 0):
 garbage-first heap   total 258048K, used 40797K [0x0000000080000000, 0x0000000100000000)
  region size 1024K, 32 young (32768K), 3 survivors (3072K)
 Metaspace       used 11195K, committed 11456K, reserved 1064960K
  class space    used 1161K, committed 1280K, reserved 1048576K
}
Event: 0.819 GC heap after
{Heap after GC invocations=2 (full 0):
 garbage-first heap   total 258048K, used 14486K [0x0000000080000000, 0x0000000100000000)
  region size 1024K, 4 young (4096K), 4 survivors (4096K)
 Metaspace       used 11195K, committed 11456K, reserved 1064960K
  class space    used 1161K, committed 1280K, reserved 1048576K
}
Event: 1.506 GC heap before
{Heap before GC invocations=2 (full 0):
 garbage-first heap   total 258048K, used 51350K [0x0000000080000000, 0x0000000100000000)
  region size 1024K, 41 young (41984K), 4 survivors (4096K)
 Metaspace       used 21308K, committed 21504K, reserved 1073152K
  class space    used 2606K, committed 2688K, reserved 1048576K
}
Event: 1.511 GC heap after
{Heap after GC invocations=3 (full 0):
 garbage-first heap   total 258048K, used 18102K [0x0000000080000000, 0x0000000100000000)
  region size 1024K, 8 young (8192K), 8 survivors (8192K)
 Metaspace       used 21308K, committed 21504K, reserved 1073152K
  class space    used 2606K, committed 2688K, reserved 1048576K
}
Event: 1.939 GC heap before
{Heap before GC invocations=4 (full 0):
 garbage-first heap   total 68608K, used 50870K [0x0000000080000000, 0x0000000100000000)
  region size 1024K, 40 young (40960K), 8 survivors (8192K)
 Metaspace       used 26341K, committed 26624K, reserved 1073152K
  class space    used 3474K, committed 3584K, reserved 1048576K
}
Event: 1.948 GC heap after
{Heap after GC invocations=5 (full 0):
 garbage-first heap   total 68608K, used 20306K [0x0000000080000000, 0x0000000100000000)
  region size 1024K, 3 young (3072K), 3 survivors (3072K)
 Metaspace       used 26341K, committed 26624K, reserved 1073152K
  class space    used 3474K, committed 3584K, reserved 1048576K
}
Event: 1.963 GC heap before
{Heap before GC invocations=5 (full 0):
 garbage-first heap   total 68608K, used 21330K [0x0000000080000000, 0x0000000100000000)
  region size 1024K, 4 young (4096K), 3 survivors (3072K)
 Metaspace       used 26516K, committed 26880K, reserved 1073152K
  class space    used 3502K, committed 3648K, reserved 1048576K
}
Event: 1.970 GC heap after
{Heap after GC invocations=6 (full 0):
 garbage-first heap   total 68608K, used 20446K [0x0000000080000000, 0x0000000100000000)
  region size 1024K, 1 young (1024K), 1 survivors (1024K)
 Metaspace       used 26516K, committed 26880K, reserved 1073152K
  class space    used 3502K, committed 3648K, reserved 1048576K
}
Event: 2.265 GC heap before
{Heap before GC invocations=6 (full 0):
 garbage-first heap   total 68608K, used 46046K [0x0000000080000000, 0x0000000100000000)
  region size 1024K, 27 young (27648K), 1 survivors (1024K)
 Metaspace       used 30614K, committed 30912K, reserved 1081344K
  class space    used 4171K, committed 4288K, reserved 1048576K
}
Event: 2.270 GC heap after
{Heap after GC invocations=7 (full 0):
 garbage-first heap   total 68608K, used 21592K [0x0000000080000000, 0x0000000100000000)
  region size 1024K, 2 young (2048K), 2 survivors (2048K)
 Metaspace       used 30614K, committed 30912K, reserved 1081344K
  class space    used 4171K, committed 4288K, reserved 1048576K
}
Event: 2.584 GC heap before
{Heap before GC invocations=7 (full 0):
 garbage-first heap   total 68608K, used 48216K [0x0000000080000000, 0x0000000100000000)
  region size 1024K, 29 young (29696K), 2 survivors (2048K)
 Metaspace       used 35280K, committed 35648K, reserved 1081344K
  class space    used 4872K, committed 5056K, reserved 1048576K
}
Event: 2.590 GC heap after
{Heap after GC invocations=8 (full 0):
 garbage-first heap   total 133120K, used 23839K [0x0000000080000000, 0x0000000100000000)
  region size 1024K, 4 young (4096K), 4 survivors (4096K)
 Metaspace       used 35280K, committed 35648K, reserved 1081344K
  class space    used 4872K, committed 5056K, reserved 1048576K
}
Event: 2.598 GC heap before
{Heap before GC invocations=8 (full 0):
 garbage-first heap   total 133120K, used 23839K [0x0000000080000000, 0x0000000100000000)
  region size 1024K, 5 young (5120K), 4 survivors (4096K)
 Metaspace       used 35616K, committed 35968K, reserved 1081344K
  class space    used 4876K, committed 5056K, reserved 1048576K
}
Event: 2.602 GC heap after
{Heap after GC invocations=9 (full 0):
 garbage-first heap   total 133120K, used 23718K [0x0000000080000000, 0x0000000100000000)
  region size 1024K, 4 young (4096K), 4 survivors (4096K)
 Metaspace       used 35616K, committed 35968K, reserved 1081344K
  class space    used 4876K, committed 5056K, reserved 1048576K
}
Event: 3.102 GC heap before
{Heap before GC invocations=10 (full 0):
 garbage-first heap   total 89088K, used 74918K [0x0000000080000000, 0x0000000100000000)
  region size 1024K, 52 young (53248K), 4 survivors (4096K)
 Metaspace       used 43039K, committed 43456K, reserved 1089536K
  class space    used 5656K, committed 5824K, reserved 1048576K
}
Event: 3.111 GC heap after
{Heap after GC invocations=11 (full 0):
 garbage-first heap   total 89088K, used 28690K [0x0000000080000000, 0x0000000100000000)
  region size 1024K, 7 young (7168K), 7 survivors (7168K)
 Metaspace       used 43039K, committed 43456K, reserved 1089536K
  class space    used 5656K, committed 5824K, reserved 1048576K
}
Event: 3.121 GC heap before
{Heap before GC invocations=11 (full 0):
 garbage-first heap   total 89088K, used 29714K [0x0000000080000000, 0x0000000100000000)
  region size 1024K, 8 young (8192K), 7 survivors (7168K)
 Metaspace       used 43101K, committed 43456K, reserved 1089536K
  class space    used 5666K, committed 5824K, reserved 1048576K
}
Event: 3.125 GC heap after
{Heap after GC invocations=12 (full 0):
 garbage-first heap   total 89088K, used 29393K [0x0000000080000000, 0x0000000100000000)
  region size 1024K, 1 young (1024K), 1 survivors (1024K)
 Metaspace       used 43101K, committed 43456K, reserved 1089536K
  class space    used 5666K, committed 5824K, reserved 1048576K
}
Event: 3.473 GC heap before
{Heap before GC invocations=12 (full 0):
 garbage-first heap   total 89088K, used 69329K [0x0000000080000000, 0x0000000100000000)
  region size 1024K, 40 young (40960K), 1 survivors (1024K)
 Metaspace       used 47477K, committed 48000K, reserved 1097728K
  class space    used 6282K, committed 6528K, reserved 1048576K
}
Event: 3.477 GC heap after
{Heap after GC invocations=13 (full 0):
 garbage-first heap   total 179200K, used 31119K [0x0000000080000000, 0x0000000100000000)
  region size 1024K, 3 young (3072K), 3 survivors (3072K)
 Metaspace       used 47477K, committed 48000K, reserved 1097728K
  class space    used 6282K, committed 6528K, reserved 1048576K
}

